<?xml version="1.0" encoding="UTF-8"?>
<!-- Generated by org.testng.reporters.JUnitReportReporter -->
<testsuite hostname="zephyrus" failures="0" tests="26" name="runner.CucumberRunner" time="45.498" errors="0" timestamp="2021-10-18T21:24:05 SGT" skipped="0">
  <testcase classname="runner.CucumberRunner" name="runScenario" time="0.160"/>
  <system-out/>
  <testcase classname="runner.CucumberRunner" name="runScenario" time="4.145"/>
  <system-out/>
  <testcase classname="runner.CucumberRunner" name="runScenario" time="0.063"/>
  <system-out/>
  <testcase classname="runner.CucumberRunner" name="runScenario" time="2.158"/>
  <system-out/>
  <testcase classname="runner.CucumberRunner" name="runScenario" time="4.160"/>
  <system-out/>
  <testcase classname="runner.CucumberRunner" name="runScenario" time="0.057"/>
  <system-out/>
  <testcase classname="runner.CucumberRunner" name="runScenario" time="0.065"/>
  <system-out/>
  <testcase classname="runner.CucumberRunner" name="runScenario" time="0.124"/>
  <system-out/>
  <testcase classname="runner.CucumberRunner" name="runScenario" time="0.080"/>
  <system-out/>
  <testcase classname="runner.CucumberRunner" name="runScenario" time="0.111"/>
  <system-out/>
  <testcase classname="runner.CucumberRunner" name="runScenario" time="2.350"/>
  <system-out/>
  <testcase classname="runner.CucumberRunner" name="runScenario" time="0.087"/>
  <system-out/>
  <testcase classname="runner.CucumberRunner" name="runScenario" time="0.126"/>
  <system-out/>
  <testcase classname="runner.CucumberRunner" name="runScenario" time="0.160"/>
  <system-out/>
  <testcase classname="runner.CucumberRunner" name="runScenario" time="0.073"/>
  <system-out/>
  <testcase classname="runner.CucumberRunner" name="runScenario" time="0.069"/>
  <system-out/>
  <testcase classname="runner.CucumberRunner" name="runScenario" time="0.114"/>
  <system-out/>
  <testcase classname="runner.CucumberRunner" name="runScenario" time="0.057"/>
  <system-out/>
  <testcase classname="runner.CucumberRunner" name="runScenario" time="0.052"/>
  <system-out/>
  <testcase classname="runner.CucumberRunner" name="runScenario" time="4.644"/>
  <system-out/>
  <testcase classname="runner.CucumberRunner" name="runScenario" time="20.099"/>
  <system-out/>
  <testcase classname="runner.CucumberRunner" name="runScenario" time="0.115"/>
  <system-out/>
  <testcase classname="runner.CucumberRunner" name="runScenario" time="4.239"/>
  <system-out/>
  <testcase classname="runner.CucumberRunner" name="runScenario" time="1.919"/>
  <system-out/>
  <testcase classname="runner.CucumberRunner" name="runScenario" time="0.077"/>
  <system-out/>
  <testcase classname="runner.CucumberRunner" name="runScenario" time="0.194"/>
  <system-out/>
</testsuite> <!-- runner.CucumberRunner -->
